Exporter version: 3.3.0, Blender version: 3.5.0
========= Conversion from Blender to Babylon.js =========
	Scene settings used :
		Inline textures     :  false
		Material Type       :  PBR
		Positions Precision :  4
		Normals Precision   :  3
		UVs Precision       :  3
		Vert Color Precision:  3
		Mat Weight Precision:  2
		Keep Z-up r-handed  :  no
		Texture directory   :  C:\Users\robin\Desktop\Programmation\Under-The-City\
	Python World class constructor completed
	processing begun of mesh:  Gorille
		processing begun of material:  Material
		processing begun of material:  gorille tete
		processing begun of material:  gorille devant
		processing begun of material:  gorille gauche
		processing begun of material:  gorille droite
		processing begun of material:  gorille dos
			processing texture gorille_tete
			processing texture gorille_devant
			processing texture gorille_cote
			processing texture gorille_a_lenvers_cote
			processing texture gorille_de_dos
		processing begun of multimaterial:  gorille.Multimaterial#0
		num positions      :  32
		num normals        :  32
		num tangents       :  0
		num uvs            :  64
		num uvs2           :  0
		num colors         :  0
		num triangles      :  12
	processing begun of camera (UniversalCamera):  Camera
	processing begun of light (POINT):  Light
========= Writing of JSON file started =========
	writing mesh:  Gorille
========= Writing of JSON file completed =========
========= end of processing =========
elapsed time:  0 min, 0.0472 secs
