Exporter version: 3.3.0, Blender version: 3.5.0
========= Conversion from Blender to Babylon.js =========
	Scene settings used :
		Inline textures     :  false
		Material Type       :  PBR
		Positions Precision :  4
		Normals Precision   :  3
		UVs Precision       :  3
		Vert Color Precision:  3
		Mat Weight Precision:  2
		Keep Z-up r-handed  :  no
		Texture directory   :  C:\Users\robin\Desktop\Programmation\Under-The-City\
	Python World class constructor completed
	processing begun of camera (UniversalCamera):  Camera
	processing begun of mesh:  Corps
		processing begun of material:  cheveux
		processing begun of material:  corps
		processing begun of material:  short
		processing begun of material:  levres
		processing begun of material:  bouche rouge
		processing begun of material:  bouche dent
		processing begun of material:  bouche noir
		processing begun of material:  oeill blanc
		processing begun of material:  oeil noir
		processing begun of multimaterial:  poisson.Multimaterial#0
		num positions      :  27188
		num normals        :  27188
		num tangents       :  0
		num uvs            :  54376
		num uvs2           :  54376
		num colors         :  0
		num triangles      :  41789
	processing begun of light (POINT):  Light
========= Writing of JSON file started =========
	writing mesh:  Corps
========= Writing of JSON file completed =========
========= end of processing =========
elapsed time:  0 min, 3.5447 secs
