Exporter version: 3.3.0, Blender version: 3.5.0
========= Conversion from Blender to Babylon.js =========
	Scene settings used :
		Inline textures     :  false
		Material Type       :  PBR
		Positions Precision :  4
		Normals Precision   :  3
		UVs Precision       :  3
		Vert Color Precision:  3
		Mat Weight Precision:  2
		Keep Z-up r-handed  :  no
		Texture directory   :  C:\Users\robin\Desktop\Programmation\Under-The-City\resto\
	Python World class constructor completed
	WARNING: No active camera has been assigned, or is not in a currently enabled collection
	processing begun of mesh:  Burger
		processing begun of material:  fromage
		processing begun of material:  pain bas 1
		processing begun of material:  pain bas 2
		processing begun of material:  sauce
		processing begun of material:  tomate 1
		processing begun of material:  tomate 2
		processing begun of material:  tomate 3
		processing begun of material:  tomate 4
		processing begun of material:  Matériau
		processing begun of material:  salade
		processing begun of material:  pain haut 1
		processing begun of material:  Matériau.001
		processing begun of multimaterial:  burger.Multimaterial#0
		Custom split normals with tangents being used
		num positions      :  41640
		num normals        :  41640
		num tangents       :  166560
		num uvs            :  83280
		num uvs2           :  0
		num colors         :  0
		num triangles      :  53252
		WARNING: # of 0 area faces found:  708
========= Writing of JSON file started =========
	writing mesh:  Burger
========= Writing of JSON file completed =========
========= end of processing =========
elapsed time:  0 min, 6.9244 secs
